<?xml version="1.0" encoding="UTF-8"?>
<!-- Generated by org.testng.reporters.JUnitXMLReporter -->
<testsuite hostname="AR-IT03921" ignored="0" name="Exercise2" tests="1" failures="1" timestamp="15 Feb 2019 13:53:04 GMT" time="15.572" errors="0">
  <testcase name="selectCruise" time="15.553" classname="com.automation.tests.Exercise5">
    <failure type="java.lang.AssertionError" message="Check date from Cruise page to Info Page expected [true] but found [false]">
      <![CDATA[java.lang.AssertionError: Check date from Cruise page to Info Page expected [true] but found [false]
at com.automation.tests.Exercise5.selectCruise(Exercise5.java:28)
... Removed 28 stack frames]]>
    </failure>
  </testcase> <!-- selectCruise -->
</testsuite> <!-- Exercise2 -->
